<?xml version="1.0" encoding="UTF-8"?>
<testng-results ignored="0" total="1" passed="0" failed="1" skipped="0">
  <reporter-output>
  </reporter-output>
  <suite started-at="2026-07-01T16:33:45 IST" name="Default suite" finished-at="2026-07-01T16:39:04 IST" duration-ms="318286">
    <groups>
      <group name="cucumber">
        <method signature="AbstractTestNGCucumberTests.runScenario(io.cucumber.testng.PickleWrapper,io.cucumber.testng.FeatureWrapper)[pri:0, instance:com.qa.testcases.TC005_PickSlipPrint@723ca036]" name="runScenario" class="io.cucumber.testng.AbstractTestNGCucumberTests"/>
      </group> <!-- cucumber -->
    </groups>
    <test started-at="2026-07-01T16:33:45 IST" name="Default test" finished-at="2026-07-01T16:39:04 IST" duration-ms="318286">
      <class name="com.qa.testcases.TC005_PickSlipPrint">
        <test-method is-config="true" signature="startReport()[pri:0, instance:com.qa.testcases.TC005_PickSlipPrint@723ca036]" started-at="2026-07-01T16:33:45 IST" name="startReport" finished-at="2026-07-01T16:33:45 IST" duration-ms="276" status="PASS">
          <reporter-output>
          </reporter-output>
        </test-method> <!-- startReport -->
        <test-method is-config="true" signature="setValues()[pri:0, instance:com.qa.testcases.TC005_PickSlipPrint@723ca036]" started-at="2026-07-01T16:33:45 IST" name="setValues" finished-at="2026-07-01T16:33:45 IST" duration-ms="0" status="PASS">
          <reporter-output>
          </reporter-output>
        </test-method> <!-- setValues -->
        <test-method is-config="true" signature="setUpClass(org.testng.ITestContext)[pri:0, instance:com.qa.testcases.TC005_PickSlipPrint@723ca036]" started-at="2026-07-01T16:33:45 IST" name="setUpClass" finished-at="2026-07-01T16:33:46 IST" duration-ms="254" status="PASS">
          <params>
            <param index="0">
              <value>
                <![CDATA[org.testng.TestRunner@26c8b296]]>
              </value>
            </param>
          </params>
          <reporter-output>
          </reporter-output>
        </test-method> <!-- setUpClass -->
        <test-method is-config="true" signature="startTestCase()[pri:0, instance:com.qa.testcases.TC005_PickSlipPrint@723ca036]" started-at="2026-07-01T16:33:46 IST" name="startTestCase" finished-at="2026-07-01T16:33:46 IST" duration-ms="7" status="PASS">
          <reporter-output>
          </reporter-output>
        </test-method> <!-- startTestCase -->
        <test-method is-config="true" signature="preCondition()[pri:0, instance:com.qa.testcases.TC005_PickSlipPrint@723ca036]" started-at="2026-07-01T16:33:47 IST" name="preCondition" finished-at="2026-07-01T16:33:53 IST" duration-ms="6483" status="PASS">
          <reporter-output>
          </reporter-output>
        </test-method> <!-- preCondition -->
        <test-method signature="verifyLogin(java.lang.String,java.lang.String,java.lang.String,java.lang.String,java.lang.String,java.lang.String,java.lang.String)[pri:0, instance:com.qa.testcases.TC005_PickSlipPrint@723ca036]" started-at="2026-07-01T16:33:53 IST" name="verifyLogin" data-provider="fetchData" finished-at="2026-07-01T16:39:03 IST" duration-ms="310393" status="FAIL">
          <params>
            <param index="0">
              <value>
                <![CDATA[TESTT02]]>
              </value>
            </param>
            <param index="1">
              <value>
                <![CDATA[welcome12345]]>
              </value>
            </param>
            <param index="2">
              <value>
                <![CDATA[BSL00001]]>
              </value>
            </param>
            <param index="3">
              <value>
                <![CDATA[Document (Order No, Invoice, etc.) (F4211) (DOCO) [BC]]]>
              </value>
            </param>
            <param index="4">
              <value>
                <![CDATA[is equal to]]>
              </value>
            </param>
            <param index="5">
              <value>
                <![CDATA[Literal]]>
              </value>
            </param>
            <param index="6">
              <value>
                <![CDATA[12242]]>
              </value>
            </param>
          </params>
          <exception class="java.lang.RuntimeException">
            <message>
              <![CDATA[See the reporter for details.]]>
            </message>
            <full-stacktrace>
              <![CDATA[java.lang.RuntimeException: See the reporter for details.
at com.framework.utils.Reporter.reportStep(Reporter.java:93)
at com.framework.utils.Reporter.reportStep(Reporter.java:108)
at com.framework.selenium.api.base.SeleniumBase.locateElement(SeleniumBase.java:675)
at com.qa.pages.PickSlipPage.clickOk(PickSlipPage.java:73)
at com.qa.testcases.TC005_PickSlipPrint.verifyLogin(TC005_PickSlipPrint.java:43)
at java.base/jdk.internal.reflect.NativeMethodAccessorImpl.invoke0(Native Method)
at java.base/jdk.internal.reflect.NativeMethodAccessorImpl.invoke(NativeMethodAccessorImpl.java:77)
at java.base/jdk.internal.reflect.DelegatingMethodAccessorImpl.invoke(DelegatingMethodAccessorImpl.java:43)
at java.base/java.lang.reflect.Method.invoke(Method.java:568)
at org.testng.internal.MethodInvocationHelper.invokeMethod(MethodInvocationHelper.java:133)
at org.testng.internal.TestInvoker.invokeMethod(TestInvoker.java:598)
at org.testng.internal.TestInvoker.invokeTestMethod(TestInvoker.java:173)
at org.testng.internal.MethodRunner.runInSequence(MethodRunner.java:46)
at org.testng.internal.TestInvoker$MethodInvocationAgent.invoke(TestInvoker.java:824)
at org.testng.internal.TestInvoker.invokeTestMethods(TestInvoker.java:146)
at org.testng.internal.TestMethodWorker.invokeTestMethods(TestMethodWorker.java:146)
at org.testng.internal.TestMethodWorker.run(TestMethodWorker.java:128)
at java.base/java.util.ArrayList.forEach(ArrayList.java:1511)
at org.testng.TestRunner.privateRun(TestRunner.java:794)
at org.testng.TestRunner.run(TestRunner.java:596)
at org.testng.SuiteRunner.runTest(SuiteRunner.java:377)
at org.testng.SuiteRunner.runSequentially(SuiteRunner.java:371)
at org.testng.SuiteRunner.privateRun(SuiteRunner.java:332)
at org.testng.SuiteRunner.run(SuiteRunner.java:276)
at org.testng.SuiteRunnerWorker.runSuite(SuiteRunnerWorker.java:53)
at org.testng.SuiteRunnerWorker.run(SuiteRunnerWorker.java:96)
at org.testng.TestNG.runSuitesSequentially(TestNG.java:1212)
at org.testng.TestNG.runSuitesLocally(TestNG.java:1134)
at org.testng.TestNG.runSuites(TestNG.java:1063)
at org.testng.TestNG.run(TestNG.java:1031)
at org.testng.remote.AbstractRemoteTestNG.run(AbstractRemoteTestNG.java:115)
at org.testng.remote.RemoteTestNG.initAndRun(RemoteTestNG.java:251)
at org.testng.remote.RemoteTestNG.main(RemoteTestNG.java:77)
]]>
            </full-stacktrace>
          </exception> <!-- java.lang.RuntimeException -->
          <reporter-output>
          </reporter-output>
        </test-method> <!-- verifyLogin -->
        <test-method is-config="true" signature="postCondition()[pri:0, instance:com.qa.testcases.TC005_PickSlipPrint@723ca036]" started-at="2026-07-01T16:39:03 IST" name="postCondition" finished-at="2026-07-01T16:39:04 IST" duration-ms="184" status="PASS">
          <reporter-output>
          </reporter-output>
        </test-method> <!-- postCondition -->
        <test-method is-config="true" signature="tearDownClass()[pri:0, instance:com.qa.testcases.TC005_PickSlipPrint@723ca036]" started-at="2026-07-01T16:39:04 IST" name="tearDownClass" finished-at="2026-07-01T16:39:04 IST" duration-ms="21" status="PASS">
          <reporter-output>
          </reporter-output>
        </test-method> <!-- tearDownClass -->
        <test-method is-config="true" signature="endResult()[pri:0, instance:com.qa.testcases.TC005_PickSlipPrint@723ca036]" started-at="2026-07-01T16:39:04 IST" name="endResult" finished-at="2026-07-01T16:39:05 IST" duration-ms="1168" status="PASS">
          <reporter-output>
          </reporter-output>
        </test-method> <!-- endResult -->
      </class> <!-- com.qa.testcases.TC005_PickSlipPrint -->
    </test> <!-- Default test -->
  </suite> <!-- Default suite -->
</testng-results>
